<mule xmlns="http://www.mulesoft.org/schema/mule/core"
      xmlns:xsi="http://www.w3.org/2001/XMLSchema-instance"
      xmlns:bpm="http://www.mulesoft.org/schema/mule/bpm"
      xsi:schemaLocation="http://www.mulesoft.org/schema/mule/core http://www.mulesoft.org/schema/mule/core/current/mule.xsd
          http://www.mulesoft.org/schema/mule/bpm http://www.mulesoft.org/schema/mule/bpm/current/mule-bpm.xsd">

    <bpm:config name="engineConfig" defaultTenantId="com.alfame.esb">
        <bpm:default-data-source>
            <bpm:generic-data-source driverClassName="org.h2.Driver"
                                     jdbcUrl="jdbc:h2:mem:flowable;DB_CLOSE_DELAY=-1"
                                     username="sa"
                                     password="sa"
                                     type="h2"/>
        </bpm:default-data-source>
        <bpm:definitions>
            <bpm:classpath-definition resourceClasspath="processes/VariableProcess.bpmn20.xml"/>
        </bpm:definitions>
        <bpm:async-executor>
            <bpm:default-async-executor/>
        </bpm:async-executor>
    </bpm:config>

    <flow name="modifyVariablesTaskFlow">
        <bpm:task-listener config-ref="engineConfig" endpointUrl="bpm://modify.variables" transactionType="LOCAL" transactionalAction="ALWAYS_BEGIN"/>

        <bpm:get-variable config-ref="engineConfig" variableName="inputVariable" target="inputVariable"/>

        <bpm:remove-variable config-ref="engineConfig" variableName="inputVariable"/>

        <bpm:set-variable config-ref="engineConfig" variableName="outputVariable">
            <bpm:variable-content>#[vars.inputVariable + 1]</bpm:variable-content>
        </bpm:set-variable>

        <set-payload value="true"/>
    </flow>

</mule>
