<mule xmlns="http://www.mulesoft.org/schema/mule/core"
      xmlns:xsi="http://www.w3.org/2001/XMLSchema-instance"
      xmlns:bpm="http://www.mulesoft.org/schema/mule/bpm"
      xsi:schemaLocation="http://www.mulesoft.org/schema/mule/core http://www.mulesoft.org/schema/mule/core/current/mule.xsd
          http://www.mulesoft.org/schema/mule/bpm http://www.mulesoft.org/schema/mule/bpm/current/mule-bpm.xsd">

    <bpm:config name="engineConfig" tenantId="com.alfame.esb">
        <bpm:data-source>
            <bpm:generic-data-source driverClassName="org.hsqldb.jdbcDriver"
                                     jdbcUrl="jdbc:hsqldb:mem:flowable"
                                     username="sa"
                                     password="sa"
                                     type="HSQL"/>
        </bpm:data-source>
        <bpm:definitions>
            <bpm:classpath-definition resourceClasspath="processes/SignalSleeperProcess.bpmn20.xml"/>
        </bpm:definitions>
    </bpm:config>

</mule>
