<mule xmlns="http://www.mulesoft.org/schema/mule/core"
      xmlns:xsi="http://www.w3.org/2001/XMLSchema-instance"
      xmlns:bpm="http://www.mulesoft.org/schema/mule/bpm"
      xsi:schemaLocation="http://www.mulesoft.org/schema/mule/core http://www.mulesoft.org/schema/mule/core/current/mule.xsd
          http://www.mulesoft.org/schema/mule/bpm http://www.mulesoft.org/schema/mule/bpm/current/mule-bpm.xsd">
    
    <bpm:config name="engineConfig" defaultTenantId="com.alfame.esb">
		<bpm:default-data-source type="h2" 
								driverClassName="org.h2.Driver"
								jdbcUrl="jdbc:h2:mem:flowable;DB_CLOSE_DELAY=-1"
								username="sa"
								password="sa" />
		<bpm:definitions>
			<bpm:definition classPath="processes/TestProcess.bpmn20.xml" />
		</bpm:definitions>
		<bpm:tenants>
			<bpm:tenant tenantId="com.alfame.esb.sub.tenant">
				<bpm:definitions>
					<bpm:definition classPath="processes/sub/tenant/OtherTestProcess.bpmn20.xml" />
				</bpm:definitions>
			</bpm:tenant>
		</bpm:tenants>
	</bpm:config>
    
    <flow name="bpmListenerSuccessTestFlow">
        <bpm:listener config-ref="engineConfig" queueName="some.success.test.queue" />
        <logger level="INFO" message="#[payload]" />
        <logger level="INFO" message="#[attributes]" />
        <set-payload value="SUCCESS" />
    </flow>

    <flow name="bpmListenerErrorTestFlow">
        <bpm:listener config-ref="engineConfig" queueName="some.error.test.queue" />
        <set-payload value="BEFORE_ERROR" />
		<raise-error type="ANY" description="SOME_TEST_ERROR" />
        <error-handler>
            <on-error-propagate>
                <set-payload value="#[error.description]" />
            </on-error-propagate>
        </error-handler>
    </flow>
    
	<flow name="bpmListenerTestFlow">
		<bpm:listener config-ref="engineConfig" queueName="test.queue" />
		<logger level="INFO" message="#[payload]" />

		<set-payload value="true" />
	</flow>

    <flow name="bpmStartProcessTestFlow">
        <bpm:process-factory config-ref="engineConfig" processDefinitionKey="otherTestProcess" tenantId="com.alfame.esb.sub.tenant" />
        <set-payload value="TEST" />
    </flow>

</mule>
